<?xml version="1.0" encoding="UTF-8"?>
<!-- Generated by org.testng.reporters.JUnitXMLReporter -->
<testsuite hostname="Sharanu-PC" ignored="0" name="Free CRM App test cases" tests="12" failures="1" timestamp="21 Aug 2019 11:29:55 GMT" time="149.559" errors="0">
  <testcase name="@BeforeMethod Setup" time="19.386" classname="com.qa.ClassicCRM.TestCases.ContactsPageTest">
    <failure type="org.openqa.selenium.JavascriptException" message="javascript error: circular reference
  (Session info: chrome=76.0.3809.100)
Build info: version: &amp;apos;3.141.59&amp;apos;, revision: &amp;apos;e82be7d358&amp;apos;, time: &amp;apos;2018-11-14T08:17:03&amp;apos;
System info: host: &amp;apos;SHARANU-PC&amp;apos;, ip: &amp;apos;192.168.0.107&amp;apos;, os.name: &amp;apos;Windows 7&amp;apos;, os.arch: &amp;apos;amd64&amp;apos;, os.version: &amp;apos;6.1&amp;apos;, java.version: &amp;apos;1.8.0_201&amp;apos;
Driver info: org.openqa.selenium.chrome.ChromeDriver
Capabilities {acceptInsecureCerts: false, browserName: chrome, browserVersion: 76.0.3809.100, chrome: {chromedriverVersion: 76.0.3809.12 (220b19a666554..., userDataDir: C:\Windows\TEMP\scoped_dir5...}, goog:chromeOptions: {debuggerAddress: localhost:52278}, javascriptEnabled: true, networkConnectionEnabled: false, pageLoadStrategy: normal, platform: XP, platformName: XP, proxy: Proxy(), setWindowRect: true, strictFileInteractability: false, timeouts: {implicit: 0, pageLoad: 300000, script: 30000}, unhandledPromptBehavior: dismiss and notify}
Session ID: 8819506e6225ac93631e355f986da5dd">
      <![CDATA[org.openqa.selenium.JavascriptException: javascript error: circular reference
  (Session info: chrome=76.0.3809.100)
Build info: version: '3.141.59', revision: 'e82be7d358', time: '2018-11-14T08:17:03'
System info: host: 'SHARANU-PC', ip: '192.168.0.107', os.name: 'Windows 7', os.arch: 'amd64', os.version: '6.1', java.version: '1.8.0_201'
Driver info: org.openqa.selenium.chrome.ChromeDriver
Capabilities {acceptInsecureCerts: false, browserName: chrome, browserVersion: 76.0.3809.100, chrome: {chromedriverVersion: 76.0.3809.12 (220b19a666554..., userDataDir: C:\Windows\TEMP\scoped_dir5...}, goog:chromeOptions: {debuggerAddress: localhost:52278}, javascriptEnabled: true, networkConnectionEnabled: false, pageLoadStrategy: normal, platform: XP, platformName: XP, proxy: Proxy(), setWindowRect: true, strictFileInteractability: false, timeouts: {implicit: 0, pageLoad: 300000, script: 30000}, unhandledPromptBehavior: dismiss and notify}
Session ID: 8819506e6225ac93631e355f986da5dd
at org.openqa.selenium.remote.http.W3CHttpResponseCodec.createException(W3CHttpResponseCodec.java:187)
at org.openqa.selenium.remote.http.W3CHttpResponseCodec.decode(W3CHttpResponseCodec.java:122)
at org.openqa.selenium.remote.http.W3CHttpResponseCodec.decode(W3CHttpResponseCodec.java:49)
at org.openqa.selenium.remote.HttpCommandExecutor.execute(HttpCommandExecutor.java:158)
at org.openqa.selenium.remote.service.DriverCommandExecutor.execute(DriverCommandExecutor.java:83)
at org.openqa.selenium.remote.RemoteWebDriver.execute(RemoteWebDriver.java:552)
at org.openqa.selenium.remote.RemoteWebElement.execute(RemoteWebElement.java:285)
at org.openqa.selenium.remote.RemoteWebElement.click(RemoteWebElement.java:84)
at org.openqa.selenium.support.events.EventFiringWebDriver$EventFiringWebElement.lambda$new$0(EventFiringWebDriver.java:404)
at com.sun.proxy.$Proxy11.click(Unknown Source)
at org.openqa.selenium.support.events.EventFiringWebDriver$EventFiringWebElement.click(EventFiringWebDriver.java:417)
at org.openqa.selenium.support.pagefactory.internal.LocatingElementHandler.invoke(LocatingElementHandler.java:51)
at com.sun.proxy.$Proxy10.click(Unknown Source)
at Com.qa.ClassicCRM.Pages.HomePage.clickOnContactsLink(HomePage.java:40)
at com.qa.ClassicCRM.TestCases.ContactsPageTest.Setup(ContactsPageTest.java:34)
... Removed 43 stack frames]]>
    </failure>
  </testcase> <!-- @BeforeMethod Setup -->
  <testcase name="@AfterMethod tearDown" time="0.0" classname="com.qa.ClassicCRM.TestCases.ContactsPageTest">
    <skipped/>
  </testcase> <!-- @AfterMethod tearDown -->
  <testcase name="@BeforeMethod Setup" time="0.0" classname="com.qa.ClassicCRM.TestCases.ContactsPageTest">
    <skipped/>
  </testcase> <!-- @BeforeMethod Setup -->
  <testcase name="@AfterMethod tearDown" time="0.0" classname="com.qa.ClassicCRM.TestCases.ContactsPageTest">
    <skipped/>
  </testcase> <!-- @AfterMethod tearDown -->
  <testcase name="@BeforeMethod Setup" time="0.0" classname="com.qa.ClassicCRM.TestCases.ContactsPageTest">
    <skipped/>
  </testcase> <!-- @BeforeMethod Setup -->
  <testcase name="@AfterMethod tearDown" time="0.0" classname="com.qa.ClassicCRM.TestCases.ContactsPageTest">
    <skipped/>
  </testcase> <!-- @AfterMethod tearDown -->
  <testcase name="@BeforeMethod Setup" time="0.0" classname="com.qa.ClassicCRM.TestCases.ContactsPageTest">
    <skipped/>
  </testcase> <!-- @BeforeMethod Setup -->
  <testcase name="@AfterMethod tearDown" time="0.0" classname="com.qa.ClassicCRM.TestCases.ContactsPageTest">
    <skipped/>
  </testcase> <!-- @AfterMethod tearDown -->
  <testcase name="@BeforeMethod Setup" time="0.0" classname="com.qa.ClassicCRM.TestCases.ContactsPageTest">
    <skipped/>
  </testcase> <!-- @BeforeMethod Setup -->
  <testcase name="@AfterMethod tearDown" time="0.0" classname="com.qa.ClassicCRM.TestCases.ContactsPageTest">
    <skipped/>
  </testcase> <!-- @AfterMethod tearDown -->
  <testcase name="@BeforeMethod Setup" time="0.0" classname="com.qa.ClassicCRM.TestCases.ContactsPageTest">
    <skipped/>
  </testcase> <!-- @BeforeMethod Setup -->
  <testcase name="@AfterMethod tearDown" time="0.0" classname="com.qa.ClassicCRM.TestCases.ContactsPageTest">
    <skipped/>
  </testcase> <!-- @AfterMethod tearDown -->
  <testcase name="crmlogoImageTest" time="0.499" classname="com.qa.ClassicCRM.TestCases.LoginPageTest"/>
  <testcase name="verifyUsernameTest" time="0.359" classname="com.qa.ClassicCRM.TestCases.HomePageTest"/>
  <testcase name="selectMultipleContactsTest" time="0.0" classname="com.qa.ClassicCRM.TestCases.ContactsPageTest">
    <skipped/>
  </testcase> <!-- selectMultipleContactsTest -->
  <testcase name="loginPageTitleTest" time="0.019" classname="com.qa.ClassicCRM.TestCases.LoginPageTest"/>
  <testcase name="verifyHomePageTitleTest" time="0.02" classname="com.qa.ClassicCRM.TestCases.HomePageTest"/>
  <testcase name="selectsingleContactsTest" time="0.0" classname="com.qa.ClassicCRM.TestCases.ContactsPageTest">
    <skipped/>
  </testcase> <!-- selectsingleContactsTest -->
  <testcase name="LoginTest" time="5.09" classname="com.qa.ClassicCRM.TestCases.LoginPageTest"/>
  <testcase name="verifyContactsLinkTest" time="0.686" classname="com.qa.ClassicCRM.TestCases.HomePageTest">
    <failure type="org.openqa.selenium.JavascriptException" message="javascript error: circular reference
  (Session info: chrome=76.0.3809.100)
Build info: version: &amp;apos;3.141.59&amp;apos;, revision: &amp;apos;e82be7d358&amp;apos;, time: &amp;apos;2018-11-14T08:17:03&amp;apos;
System info: host: &amp;apos;SHARANU-PC&amp;apos;, ip: &amp;apos;192.168.0.107&amp;apos;, os.name: &amp;apos;Windows 7&amp;apos;, os.arch: &amp;apos;amd64&amp;apos;, os.version: &amp;apos;6.1&amp;apos;, java.version: &amp;apos;1.8.0_201&amp;apos;
Driver info: org.openqa.selenium.chrome.ChromeDriver
Capabilities {acceptInsecureCerts: false, browserName: chrome, browserVersion: 76.0.3809.100, chrome: {chromedriverVersion: 76.0.3809.12 (220b19a666554..., userDataDir: C:\Windows\TEMP\scoped_dir1...}, goog:chromeOptions: {debuggerAddress: localhost:52463}, javascriptEnabled: true, networkConnectionEnabled: false, pageLoadStrategy: normal, platform: XP, platformName: XP, proxy: Proxy(), setWindowRect: true, strictFileInteractability: false, timeouts: {implicit: 0, pageLoad: 300000, script: 30000}, unhandledPromptBehavior: dismiss and notify}
Session ID: 41d0e38c40c94e1cf115bdaad56ee98d">
      <![CDATA[org.openqa.selenium.JavascriptException: javascript error: circular reference
  (Session info: chrome=76.0.3809.100)
Build info: version: '3.141.59', revision: 'e82be7d358', time: '2018-11-14T08:17:03'
System info: host: 'SHARANU-PC', ip: '192.168.0.107', os.name: 'Windows 7', os.arch: 'amd64', os.version: '6.1', java.version: '1.8.0_201'
Driver info: org.openqa.selenium.chrome.ChromeDriver
Capabilities {acceptInsecureCerts: false, browserName: chrome, browserVersion: 76.0.3809.100, chrome: {chromedriverVersion: 76.0.3809.12 (220b19a666554..., userDataDir: C:\Windows\TEMP\scoped_dir1...}, goog:chromeOptions: {debuggerAddress: localhost:52463}, javascriptEnabled: true, networkConnectionEnabled: false, pageLoadStrategy: normal, platform: XP, platformName: XP, proxy: Proxy(), setWindowRect: true, strictFileInteractability: false, timeouts: {implicit: 0, pageLoad: 300000, script: 30000}, unhandledPromptBehavior: dismiss and notify}
Session ID: 41d0e38c40c94e1cf115bdaad56ee98d
at org.openqa.selenium.remote.http.W3CHttpResponseCodec.createException(W3CHttpResponseCodec.java:187)
at org.openqa.selenium.remote.http.W3CHttpResponseCodec.decode(W3CHttpResponseCodec.java:122)
at org.openqa.selenium.remote.http.W3CHttpResponseCodec.decode(W3CHttpResponseCodec.java:49)
at org.openqa.selenium.remote.HttpCommandExecutor.execute(HttpCommandExecutor.java:158)
at org.openqa.selenium.remote.service.DriverCommandExecutor.execute(DriverCommandExecutor.java:83)
at org.openqa.selenium.remote.RemoteWebDriver.execute(RemoteWebDriver.java:552)
at org.openqa.selenium.remote.RemoteWebElement.execute(RemoteWebElement.java:285)
at org.openqa.selenium.remote.RemoteWebElement.click(RemoteWebElement.java:84)
at org.openqa.selenium.support.events.EventFiringWebDriver$EventFiringWebElement.lambda$new$0(EventFiringWebDriver.java:404)
at com.sun.proxy.$Proxy11.click(Unknown Source)
at org.openqa.selenium.support.events.EventFiringWebDriver$EventFiringWebElement.click(EventFiringWebDriver.java:417)
at org.openqa.selenium.support.pagefactory.internal.LocatingElementHandler.invoke(LocatingElementHandler.java:51)
at com.sun.proxy.$Proxy10.click(Unknown Source)
at Com.qa.ClassicCRM.Pages.HomePage.clickOnContactsLink(HomePage.java:40)
at com.qa.ClassicCRM.TestCases.HomePageTest.verifyContactsLinkTest(HomePageTest.java:51)
... Removed 40 stack frames]]>
    </failure>
  </testcase> <!-- verifyContactsLinkTest -->
  <testcase name="verifyContactspageLable" time="0.0" classname="com.qa.ClassicCRM.TestCases.ContactsPageTest">
    <skipped/>
  </testcase> <!-- verifyContactspageLable -->
  <testcase name="ValidateCreateNewContactTest" time="0.0" classname="com.qa.ClassicCRM.TestCases.ContactsPageTest">
    <skipped/>
  </testcase> <!-- ValidateCreateNewContactTest -->
  <testcase name="ValidateCreateNewContactTest" time="0.0" classname="com.qa.ClassicCRM.TestCases.ContactsPageTest">
    <skipped/>
  </testcase> <!-- ValidateCreateNewContactTest -->
  <testcase name="ValidateCreateNewContactTest" time="0.0" classname="com.qa.ClassicCRM.TestCases.ContactsPageTest">
    <skipped/>
  </testcase> <!-- ValidateCreateNewContactTest -->
</testsuite> <!-- Free CRM App test cases -->
